<?xml version="1.0" encoding="UTF-8"?>
<!-- Generated by org.testng.reporters.JUnitReportReporter -->
<testsuite hostname="BINTERNS-QA23L" failures="0" tests="25" name="jmart_testpages.Hrms_testpage" time="86.004" errors="0" timestamp="2023-05-16T15:13:22 IST" skipped="0">
  <testcase classname="jmart_testpages.Hrms_testpage" name="enterdata" time="4.520"/>
  <system-out/>
  <testcase classname="jmart_testpages.Hrms_testpage" name="searchmember1" time="0.153"/>
  <system-out/>
  <testcase classname="jmart_testpages.Hrms_testpage" name="member1data" time="2.831"/>
  <system-out/>
  <testcase classname="jmart_testpages.Hrms_testpage" name="selectmember1" time="2.404"/>
  <system-out/>
  <testcase classname="jmart_testpages.Hrms_testpage" name="joiningdetail" time="5.776"/>
  <system-out/>
  <testcase classname="jmart_testpages.Hrms_testpage" name="searchmember2" time="1.324"/>
  <system-out/>
  <testcase classname="jmart_testpages.Hrms_testpage" name="member2data" time="3.377"/>
  <system-out/>
  <testcase classname="jmart_testpages.Hrms_testpage" name="selectmember2" time="2.399"/>
  <system-out/>
  <testcase classname="jmart_testpages.Hrms_testpage" name="joiningdetail2" time="5.731"/>
  <system-out/>
  <testcase classname="jmart_testpages.Hrms_testpage" name="searchmember3" time="1.352"/>
  <system-out/>
  <testcase classname="jmart_testpages.Hrms_testpage" name="member3data" time="3.504"/>
  <system-out/>
  <testcase classname="jmart_testpages.Hrms_testpage" name="selectmember3" time="3.224"/>
  <system-out/>
  <testcase classname="jmart_testpages.Hrms_testpage" name="joiningdetail3" time="5.856"/>
  <system-out/>
  <testcase classname="jmart_testpages.Hrms_testpage" name="searchmember4" time="1.154"/>
  <system-out/>
  <testcase classname="jmart_testpages.Hrms_testpage" name="member4data" time="5.827"/>
  <system-out/>
  <testcase classname="jmart_testpages.Hrms_testpage" name="selectmember4" time="3.483"/>
  <system-out/>
  <testcase classname="jmart_testpages.Hrms_testpage" name="joiningdetail4" time="7.014"/>
  <system-out/>
  <testcase classname="jmart_testpages.Hrms_testpage" name="searchmember5" time="0.750"/>
  <system-out/>
  <testcase classname="jmart_testpages.Hrms_testpage" name="member5data" time="3.586"/>
  <system-out/>
  <testcase classname="jmart_testpages.Hrms_testpage" name="selectmember5" time="2.695"/>
  <system-out/>
  <testcase classname="jmart_testpages.Hrms_testpage" name="joiningdetail5" time="5.686"/>
  <system-out/>
  <testcase classname="jmart_testpages.Hrms_testpage" name="searchmember6" time="0.770"/>
  <system-out/>
  <testcase classname="jmart_testpages.Hrms_testpage" name="member6data" time="4.185"/>
  <system-out/>
  <testcase classname="jmart_testpages.Hrms_testpage" name="selectmember6" time="2.557"/>
  <system-out/>
  <testcase classname="jmart_testpages.Hrms_testpage" name="joiningdetail6" time="5.846"/>
  <system-out/>
</testsuite> <!-- jmart_testpages.Hrms_testpage -->
