<?xml version="1.0" encoding="UTF-8"?>
<!-- Generated by org.testng.reporters.JUnitReportReporter -->
<testsuite hostname="BINTERNS-QA23L" failures="0" tests="4" name="jiomarttestpages.Jiomart_Homepagetest" time="2.198" errors="0" timestamp="2023-05-03T15:12:05 IST" skipped="0">
  <testcase classname="jiomarttestpages.Jiomart_Homepagetest" name="verifyLogo" time="2.074"/>
  <system-out/>
  <testcase classname="jiomarttestpages.Jiomart_Homepagetest" name="verifyTitle" time="0.009"/>
  <system-out/>
  <testcase classname="jiomarttestpages.Jiomart_Homepagetest" name="checkHeadermenu" time="0.058"/>
  <system-out/>
  <testcase classname="jiomarttestpages.Jiomart_Homepagetest" name="checkHeaderButton" time="0.057"/>
  <system-out/>
</testsuite> <!-- jiomarttestpages.Jiomart_Homepagetest -->
