<?xml version="1.0" encoding="UTF-8"?>
<!-- Generated by org.testng.reporters.JUnitReportReporter -->
<testsuite hostname="BINTERNS-QA23L" failures="0" tests="12" name="jmart_testpages.Jiomart_addtocarttest" time="27.944" errors="0" timestamp="2023-05-16T17:09:10 IST" skipped="0">
  <testcase classname="jmart_testpages.Jiomart_addtocarttest" name="enterSerach" time="4.626"/>
  <system-out/>
  <testcase classname="jmart_testpages.Jiomart_addtocarttest" name="sorting" time="0.135"/>
  <system-out/>
  <testcase classname="jmart_testpages.Jiomart_addtocarttest" name="additem" time="1.417"/>
  <system-out/>
  <testcase classname="jmart_testpages.Jiomart_addtocarttest" name="getpricetext" time="0.793"/>
  <system-out/>
  <testcase classname="jmart_testpages.Jiomart_addtocarttest" name="addItem2" time="2.468"/>
  <system-out/>
  <testcase classname="jmart_testpages.Jiomart_addtocarttest" name="addItem3" time="2.367"/>
  <system-out/>
  <testcase classname="jmart_testpages.Jiomart_addtocarttest" name="addItem4" time="2.359"/>
  <system-out/>
  <testcase classname="jmart_testpages.Jiomart_addtocarttest" name="goToCart" time="3.327"/>
  <system-out/>
  <testcase classname="jmart_testpages.Jiomart_addtocarttest" name="getContainerText" time="2.104"/>
  <system-out/>
  <testcase classname="jmart_testpages.Jiomart_addtocarttest" name="getContainText" time="2.067"/>
  <system-out/>
  <testcase classname="jmart_testpages.Jiomart_addtocarttest" name="additemm" time="4.155"/>
  <system-out/>
  <testcase classname="jmart_testpages.Jiomart_addtocarttest" name="clickcConatiner2" time="2.126"/>
  <system-out/>
</testsuite> <!-- jmart_testpages.Jiomart_addtocarttest -->
