<?xml version="1.0" encoding="UTF-8"?>
<!-- Generated by org.testng.reporters.JUnitReportReporter -->
<testsuite hostname="BINTERNS-QA23L" failures="0" tests="1" name="jmart_testpages.Jiomart_signintest" time="14.615" errors="0" timestamp="2023-05-04T16:39:23 IST" skipped="0">
  <testcase classname="jmart_testpages.Jiomart_signintest" name="enternumber" time="14.615"/>
  <system-out/>
</testsuite> <!-- jmart_testpages.Jiomart_signintest -->
