<?xml version="1.0" encoding="UTF-8"?>
<!-- Generated by org.testng.reporters.JUnitReportReporter -->
<testsuite hostname="BINTERNS-QA23L" failures="0" tests="17" name="jmart_testpages.Navbar_button" time="46.924" errors="0" timestamp="2023-05-16T17:01:40 IST" skipped="1">
  <testcase classname="jmart_testpages.Navbar_button" name="clickbutton1" time="2.011"/>
  <system-out/>
  <testcase classname="jmart_testpages.Navbar_button" name="verify_Image" time="0.033"/>
  <system-out/>
  <testcase classname="jmart_testpages.Navbar_button" name="clickfruits" time="3.293"/>
  <system-out/>
  <testcase classname="jmart_testpages.Navbar_button" name="clicksortt" time="2.153"/>
  <system-out/>
  <testcase classname="jmart_testpages.Navbar_button" name="Verify_FreshVegetableImage" time="0.031"/>
  <system-out/>
  <testcase classname="jmart_testpages.Navbar_button" name="additem" time="6.407"/>
  <system-out/>
  <testcase classname="jmart_testpages.Navbar_button" name="addVegetables" time="3.312"/>
  <system-out/>
  <testcase classname="jmart_testpages.Navbar_button" name="clickfitem2" time="7.045"/>
  <system-out/>
  <testcase classname="jmart_testpages.Navbar_button" name="Verify_fruitlogo" time="0.031"/>
  <system-out/>
  <testcase classname="jmart_testpages.Navbar_button" name="Apply_Filter" time="2.263"/>
  <system-out/>
  <testcase classname="jmart_testpages.Navbar_button" name="Add_Fruits" time="4.016"/>
  <system-out/>
  <testcase classname="jmart_testpages.Navbar_button" name="clickoncart" time="2.973"/>
  <system-out/>
  <testcase classname="jmart_testpages.Navbar_button" name="Cart_Detail" time="6.840"/>
  <system-out/>
  <testcase classname="jmart_testpages.Navbar_button" name="Cart_Detail2" time="2.151"/>
  <system-out/>
  <testcase classname="jmart_testpages.Navbar_button" name="Cart_Detail3" time="2.166"/>
  <system-out/>
  <testcase classname="jmart_testpages.Navbar_button" name="Print_Subtotal" time="2.199"/>
  <system-out/>
  <testcase classname="jmart_testpages.Navbar_button" name="clickplaceorder">
    <skipped/>
  </testcase> <!-- clickplaceorder -->
  <system-out/>
</testsuite> <!-- jmart_testpages.Navbar_button -->
