<?xml version="1.0" encoding="UTF-8"?>
<!-- Generated by org.testng.reporters.JUnitReportReporter -->
<testsuite hostname="BINTERNS-QA23L" failures="0" tests="14" name="jmart_testpages.Home_kitechentestpage" time="46.270" errors="0" timestamp="2023-05-16T17:07:49 IST" skipped="1">
  <testcase classname="jmart_testpages.Home_kitechentestpage" name="click_button3" time="1.571"/>
  <system-out/>
  <testcase classname="jmart_testpages.Home_kitechentestpage" name="add_disposalitem" time="5.357"/>
  <system-out/>
  <testcase classname="jmart_testpages.Home_kitechentestpage" name="close_disposal" time="2.594"/>
  <system-out/>
  <testcase classname="jmart_testpages.Home_kitechentestpage" name="click_kitchenwearbutton" time="4.175"/>
  <system-out/>
  <testcase classname="jmart_testpages.Home_kitechentestpage" name="add_kitchenwearitem" time="17.219"/>
  <system-out/>
  <testcase classname="jmart_testpages.Home_kitechentestpage" name="check_fashionbutton" time="1.657"/>
  <system-out/>
  <testcase classname="jmart_testpages.Home_kitechentestpage" name="verify_image" time="0.027"/>
  <system-out/>
  <testcase classname="jmart_testpages.Home_kitechentestpage" name="click_womenbutton" time="3.184"/>
  <system-out/>
  <testcase classname="jmart_testpages.Home_kitechentestpage" name="click_genderr" time="2.147"/>
  <system-out/>
  <testcase classname="jmart_testpages.Home_kitechentestpage" name="click_filter" time="2.095"/>
  <system-out/>
  <testcase classname="jmart_testpages.Home_kitechentestpage" name="click_sizee" time="2.093"/>
  <system-out/>
  <testcase classname="jmart_testpages.Home_kitechentestpage" name="click_brandd" time="2.069"/>
  <system-out/>
  <testcase classname="jmart_testpages.Home_kitechentestpage" name="click_ocassionn" time="2.082"/>
  <system-out/>
  <testcase classname="jmart_testpages.Home_kitechentestpage" name="like_item">
    <skipped/>
  </testcase> <!-- like_item -->
  <system-out/>
</testsuite> <!-- jmart_testpages.Home_kitechentestpage -->
