<?xml version="1.0" encoding="UTF-8"?>
<!-- Generated by org.testng.reporters.JUnitReportReporter -->
<testsuite hostname="BINTERNS-QA23L" failures="0" tests="20" name="jmart_testpages.Jiomart_Homepagetest" time="41.557" errors="0" timestamp="2023-05-18T15:54:47 IST" skipped="3">
  <testcase classname="jmart_testpages.Jiomart_Homepagetest" name="verifyLogo" time="2.190"/>
  <system-out/>
  <testcase classname="jmart_testpages.Jiomart_Homepagetest" name="verifyTitle" time="0.019"/>
  <system-out/>
  <testcase classname="jmart_testpages.Jiomart_Homepagetest" name="checkHeadermenu" time="0.101"/>
  <system-out/>
  <testcase classname="jmart_testpages.Jiomart_Homepagetest" name="checkHeaderButton" time="0.108"/>
  <system-out/>
  <testcase classname="jmart_testpages.Jiomart_Homepagetest" name="groceryButton" time="6.782"/>
  <system-out/>
  <testcase classname="jmart_testpages.Jiomart_Homepagetest" name="fruitsButton" time="4.402"/>
  <system-out/>
  <testcase classname="jmart_testpages.Jiomart_Homepagetest" name="homeKitchenButton" time="4.189"/>
  <system-out/>
  <testcase classname="jmart_testpages.Jiomart_Homepagetest" name="fashionButton" time="4.587"/>
  <system-out/>
  <testcase classname="jmart_testpages.Jiomart_Homepagetest" name="electronicsButton" time="4.015"/>
  <system-out/>
  <testcase classname="jmart_testpages.Jiomart_Homepagetest" name="beautyButton" time="3.802"/>
  <system-out/>
  <testcase classname="jmart_testpages.Jiomart_Homepagetest" name="homeImproveButton" time="4.447"/>
  <system-out/>
  <testcase classname="jmart_testpages.Jiomart_Homepagetest" name="sportsToyButton" time="4.392"/>
  <system-out/>
  <testcase classname="jmart_testpages.Jiomart_Homepagetest" name="countFooterMenu1" time="0.333"/>
  <system-out/>
  <testcase classname="jmart_testpages.Jiomart_Homepagetest" name="countFooterMenu2" time="0.291"/>
  <system-out/>
  <testcase classname="jmart_testpages.Jiomart_Homepagetest" name="countFooterMenu3" time="0.153"/>
  <system-out/>
  <testcase classname="jmart_testpages.Jiomart_Homepagetest" name="countFooterMenu4" time="0.194"/>
  <system-out/>
  <testcase classname="jmart_testpages.Jiomart_Homepagetest" name="checkLink1" time="1.552"/>
  <system-out/>
  <testcase classname="jmart_testpages.Jiomart_Homepagetest" name="checkSlidebutton">
    <skipped/>
  </testcase> <!-- checkSlidebutton -->
  <system-out/>
  <testcase classname="jmart_testpages.Jiomart_Homepagetest" name="getTimer">
    <skipped/>
  </testcase> <!-- getTimer -->
  <system-out/>
  <testcase classname="jmart_testpages.Jiomart_Homepagetest" name="checkLink2">
    <skipped/>
  </testcase> <!-- checkLink2 -->
  <system-out/>
</testsuite> <!-- jmart_testpages.Jiomart_Homepagetest -->
