<?xml version="1.0" encoding="UTF-8"?>
<!-- Generated by org.testng.reporters.JUnitReportReporter -->
<testsuite hostname="BINTERNS-QA23L" failures="0" tests="20" name="navbar_buttons.Electronics_moduletest" time="75.797" errors="0" timestamp="2023-05-19T17:18:33 IST" skipped="0">
  <testcase classname="navbar_buttons.Electronics_moduletest" name="logoverify" time="1.831"/>
  <system-out/>
  <testcase classname="navbar_buttons.Electronics_moduletest" name="sort_item" time="7.294"/>
  <system-out/>
  <testcase classname="navbar_buttons.Electronics_moduletest" name="add_item1" time="5.519"/>
  <system-out/>
  <testcase classname="navbar_buttons.Electronics_moduletest" name="add_item2" time="9.262"/>
  <system-out/>
  <testcase classname="navbar_buttons.Electronics_moduletest" name="add_item3" time="4.054"/>
  <system-out/>
  <testcase classname="navbar_buttons.Electronics_moduletest" name="gotocart" time="2.784"/>
  <system-out/>
  <testcase classname="navbar_buttons.Electronics_moduletest" name="print_subtotal" time="1.208"/>
  <system-out/>
  <testcase classname="navbar_buttons.Electronics_moduletest" name="beauty_module" time="6.698"/>
  <system-out/>
  <testcase classname="navbar_buttons.Electronics_moduletest" name="gotocart1" time="7.286"/>
  <system-out/>
  <testcase classname="navbar_buttons.Electronics_moduletest" name="home_improvement" time="10.380"/>
  <system-out/>
  <testcase classname="navbar_buttons.Electronics_moduletest" name="carfresh_totalitem" time="2.201"/>
  <system-out/>
  <testcase classname="navbar_buttons.Electronics_moduletest" name="add_carfreshitem" time="1.135"/>
  <system-out/>
  <testcase classname="navbar_buttons.Electronics_moduletest" name="add_electricalitem" time="4.134"/>
  <system-out/>
  <testcase classname="navbar_buttons.Electronics_moduletest" name="add_carpentryitem" time="3.803"/>
  <system-out/>
  <testcase classname="navbar_buttons.Electronics_moduletest" name="sort_carpentryitem" time="2.180"/>
  <system-out/>
  <testcase classname="navbar_buttons.Electronics_moduletest" name="apply_filter" time="0.121"/>
  <system-out/>
  <testcase classname="navbar_buttons.Electronics_moduletest" name="slider" time="2.471"/>
  <system-out/>
  <testcase classname="navbar_buttons.Electronics_moduletest" name="addcarpentry_item" time="0.716"/>
  <system-out/>
  <testcase classname="navbar_buttons.Electronics_moduletest" name="cart_item" time="2.214"/>
  <system-out/>
  <testcase classname="navbar_buttons.Electronics_moduletest" name="print_subtotall" time="0.506"/>
  <system-out/>
</testsuite> <!-- navbar_buttons.Electronics_moduletest -->
